<?xml version="1.0" encoding="UTF-8"?>
<!-- Generated by org.testng.reporters.JUnitReportReporter -->
<testsuite hostname="DESKTOP-B275SC0" failures="0" tests="1" name="com.w2a.base.MyDemoTest" time="0.021" errors="0" timestamp="12 Jan 2023 04:14:09 GMT" skipped="0">
  <testcase classname="com.w2a.base.MyDemoTest" name="myDemoTest" time="0.021"/>
</testsuite> <!-- com.w2a.base.MyDemoTest -->
