<?xml version="1.0" encoding="UTF-8"?>
<!-- Generated by org.testng.reporters.JUnitReportReporter -->
<testsuite hostname="DESKTOP-B275SC0" failures="0" tests="1" name="com.w2a.testcases.LoginTest" time="0.285" errors="0" timestamp="2023-01-10T18:51:49 IST" skipped="0">
  <testcase classname="com.w2a.testcases.LoginTest" name="loginAsBankManager" time="0.285"/>
  <system-out/>
</testsuite> <!-- com.w2a.testcases.LoginTest -->
