<?xml version="1.0" encoding="UTF-8"?>
<!-- Generated by org.testng.reporters.JUnitReportReporter -->
<testsuite hostname="DESKTOP-B275SC0" failures="0" tests="1" name="com.w2a.testcases.BankManagerLoginTest" time="0.169" errors="0" timestamp="11 Jan 2023 18:15:17 GMT" skipped="0">
  <testcase classname="com.w2a.testcases.BankManagerLoginTest" name="bankManagerLoginTest" time="0.169"/>
</testsuite> <!-- com.w2a.testcases.BankManagerLoginTest -->
