<?xml version="1.0" encoding="UTF-8"?>
<!-- Generated by org.testng.reporters.JUnitReportReporter -->
<testsuite hostname="DESKTOP-B275SC0" failures="0" tests="3" name="com.w2a.testcases.AddCustomerTest" time="2.404" errors="0" timestamp="11 Jan 2023 18:15:17 GMT" skipped="1">
  <testcase classname="com.w2a.testcases.AddCustomerTest" name="addCustomerTest" time="1.339"/>
  <testcase classname="com.w2a.testcases.AddCustomerTest" name="addCustomerTest" time="0.001">
    <skipped/>
  </testcase> <!-- addCustomerTest -->
  <testcase classname="com.w2a.testcases.AddCustomerTest" name="addCustomerTest" time="1.064"/>
</testsuite> <!-- com.w2a.testcases.AddCustomerTest -->
