<?xml version="1.0" encoding="UTF-8"?>
<!-- Generated by org.testng.reporters.JUnitReportReporter -->
<testsuite hostname="DESKTOP-B275SC0" failures="0" tests="2" name="com.w2a.testcases.OpenAccountTest" time="1.246" errors="0" timestamp="11 Jan 2023 18:15:17 GMT" skipped="0">
  <testcase classname="com.w2a.testcases.OpenAccountTest" name="openAccountTest" time="0.849"/>
  <testcase classname="com.w2a.testcases.OpenAccountTest" name="openAccountTest" time="0.397"/>
</testsuite> <!-- com.w2a.testcases.OpenAccountTest -->
